/*C1*/SET SCHEMA SYSTEM_LOBS
INSERT INTO BLOCKS VALUES(0,2147483647,0)
COMMIT
/*C2*/SET SCHEMA PUBLIC
create table if not exists\u000a\u0009administrator (pd_id varchar(45))
CREATE TABLE if not exists\u000a\u0009police_dept(\u000a\u0009\u0009\u0009"PD_ID" INT not null primary key\u000a\u0009\u0009    \u0009GENERATED ALWAYS AS IDENTITY\u000a\u0009\u0009      (START WITH 1, INCREMENT BY 1),\u000a\u0009\u0009\u0009"PD_NAME" VARCHAR(45),\u000a\u0009\u0009\u0009"PD_LOC" VARCHAR(45),\u000a\u0009\u0009  "PD_CITY" VARCHAR(45),\u000a\u0009\u0009  "PD_AREA" VARCHAR(45),\u000a\u0009\u0009  "PD_PHONE" VARCHAR(45),\u000a\u0009\u0009  "PD_REMARKS" VARCHAR(45)\u000a\u0009\u0009)
CREATE TABLE if not exists\u000a\u0009fir(\u000a\u0009\u0009"FIR_ID" INT not null primary key\u000a\u0009\u0009\u0009 GENERATED ALWAYS AS IDENTITY\u000a\u0009\u0009\u0009 (START WITH 1, INCREMENT BY 1),\u000a\u0009   "FIR_NAME" VARCHAR(45),\u000a\u0009   "FIR_FNAME" VARCHAR(45),\u000a\u0009   "FIR_EMAIL" VARCHAR(45),\u000a\u0009   "FIR_CONTACT" VARCHAR(45),\u000a\u0009   "FIR_DOI" VARCHAR(45),\u000a\u0009\u0009 "FIR_PS" VARCHAR(45),\u000a\u0009\u0009 "FIR_DEP" VARCHAR(45),\u000a\u0009\u0009 "FIR_DESC" VARCHAR(200),\u000a\u0009\u0009 "FIR_STAT" INT,\u000a\u0009\u0009 "FIR_EMAIL_SENT" INT,\u000a\u0009\u0009 "FIR_PO_ID" VARCHAR(45),\u000a\u0009\u0009 -- FOREIGN KEY ("FIR_PO_ID") REFERENCES police_officer("PO_ID")\u000a\u0009)
CREATE TABLE if not exists\u000a\u0009police_officer(\u000a\u0009\u0009"PO_ID" INT not null primary key\u000a\u0009\u0009\u0009 GENERATED ALWAYS AS IDENTITY\u000a\u0009\u0009\u0009 (START WITH 1, INCREMENT BY 1),\u000a\u0009   "PO_NAME" VARCHAR(45),\u000a\u0009   "PO_DOB" VARCHAR(45),\u000a\u0009   "PO_GENDER" VARCHAR(45),\u000a\u0009   "PO_DEP" VARCHAR(45),\u000a\u0009   "PO_EMAIL" VARCHAR(45),\u000a\u0009\u0009 "PO_CONTACT" VARCHAR(45),\u000a\u0009\u0009 "PO_PS" VARCHAR(45),\u000a\u0009\u0009 "PO_DRUGS" VARCHAR(45),\u000a\u0009\u0009 "PO_AID" VARCHAR(45),\u000a\u0009\u0009 "PO_LENSES" VARCHAR(45),\u000a\u0009)
CREATE TABLE if not exists\u000a\u0009police_officer_list(\u000a\u0009  "USERNAME" VARCHAR(45),\u000a\u0009  "PASSWORD" VARCHAR(45)\u000a\u0009)
CREATE TABLE if not exists\u000a\u0009criminal(\u000a\u0009\u0009"CRIM_ID" INT not null primary key\u000a\u0009\u0009\u0009 GENERATED ALWAYS AS IDENTITY\u000a\u0009\u0009\u0009 (START WITH 1, INCREMENT BY 1),\u000a\u0009   "CRIM_NAME" VARCHAR(45),\u000a\u0009   "CRIM_AGE" INT,\u000a\u0009   "CRIM_GENDER" VARCHAR(45),\u000a\u0009   "CRIM_ADDRESS" VARCHAR(100),\u000a\u0009\u0009 "CRIM_CONTACT" VARCHAR(45),\u000a\u0009   "CRIM_DOC" VARCHAR(45),\u000a\u0009\u0009 "CRIM_DESC" VARCHAR(200),\u000a\u0009\u0009 "CRIM_CRIME_DEP" VARCHAR(45),\u000a\u0009\u0009 "CRIM_PS" VARCHAR(45),\u000a\u0009)
CREATE TABLE if not exists\u000a\u0009applic(\u000a\u0009\u0009"APP_ID" INT not null primary key\u000a\u0009\u0009\u0009 GENERATED ALWAYS AS IDENTITY\u000a\u0009\u0009\u0009 (START WITH 1, INCREMENT BY 1),\u000a\u0009\u0009"APP_TYPE" VARCHAR(45),\u000a\u0009  "APP_NAM" VARCHAR(45),\u000a\u0009  "APP_FNAME" VARCHAR(45),\u000a\u0009  "APP_EMAIL" VARCHAR(45),\u000a\u0009  "APP_CONTACT" VARCHAR(45),\u000a\u0009  "APP_DOI" VARCHAR(45),\u000a\u0009\u0009"APP_PAN" VARCHAR(45),\u000a\u0009\u0009"APP_AADHAR" VARCHAR(200),\u000a\u0009\u0009"APP_PO_NAME" VARCHAR(45),\u000a\u0009\u0009"APP_PO_ID" INT,\u000a\u0009\u0009"APP_PS" VARCHAR(45)\u000a\u0009)
INSERT INTO ADMINISTRATOR VALUES('1')
COMMIT
INSERT INTO POLICE_DEPT VALUES(1,'Sirsa Mandi Police Station','Grid-4','Sirsa','Anaj Mandi Sirsa','9899898765','Some text about the police station')
COMMIT
INSERT INTO FIR VALUES(1,'Test','FatherTest','visitormanagementsystem23@gmail.com','9999999999','12022001','Sirsa Mandi Police Station','Cybercrime','This complaint is registered with regard to a fraud bank payment on my SBI debit card.',0,0,'1')
COMMIT
INSERT INTO POLICE_OFFICER VALUES(1,'TestPoliceOfficer','12031987','Male','Cybercrime','test@gmail.com','9898989897','Sirsa Mandi Police Station','No','No','Yes')
COMMIT
INSERT INTO CRIMINAL VALUES(1,'rcb',41,'Male','bangalore','9087564321','211021','bank loot','Law and Order','Sirsa Mandi Police Station')
COMMIT
INSERT INTO APPLIC VALUES(1,'Law and order','random','kapoor','rk@gmail.com','9234516789','211090','AABEE1234F','123456780987','bond',2,'Sirsa Mandi Police Station')
COMMIT
INSERT INTO POLICE_OFFICER_LIST VALUES('TestPoliceOfficer','test')
COMMIT
DISCONNECT
/*C3*/SET SCHEMA PUBLIC
INSERT INTO APPLIC VALUES(2,'Arms and ammunition','ansh','av','ansh@koob.com','9807612340','211012','AAECC5478C','657812340987','TestPoliceOfficer',1,'Sirsa Mandi Police Station')
COMMIT
DISCONNECT
/*C4*/SET SCHEMA PUBLIC
INSERT INTO CRIMINAL VALUES(2,'jd',67,'Male','hujd','9807651234','211091','robbery','Law and Order','Sirsa Mandi Police Station')
COMMIT
DISCONNECT
